TN:
SF:src/contexts/AuthContext.tsx
FN:34,AuthProvider
FN:39,(anonymous_1)
FN:40,LoudUserStoregeData
FN:53,signOut
FN:58,signInWithGoggle
FNF:5
FNH:4
FNDA:5,AuthProvider
FNDA:2,(anonymous_1)
FNDA:2,LoudUserStoregeData
FNDA:0,signOut
FNDA:1,signInWithGoggle
DA:32,2
DA:35,5
DA:36,5
DA:37,5
DA:39,5
DA:41,2
DA:43,2
DA:44,0
DA:45,0
DA:47,2
DA:50,2
DA:54,0
DA:55,0
DA:59,1
DA:60,1
DA:61,1
DA:62,1
DA:64,1
DA:68,1
DA:69,1
DA:72,1
DA:73,1
DA:80,1
DA:81,1
DA:84,0
DA:112,5
LF:26
LH:21
BRDA:43,0,0,0
BRDA:43,0,1,2
BRDA:68,1,0,1
BRDA:68,1,1,0
BRF:4
BRH:2
end_of_record
TN:
SF:src/hooks/useAuth.tsx
FN:4,useAuth
FNF:1
FNH:1
FNDA:6,useAuth
DA:5,6
DA:7,6
LF:2
LH:2
BRF:0
BRH:0
end_of_record
TN:
SF:src/screens/Login/index.tsx
FN:21,Login
FN:25,handleSignInWithGoggle
FN:36,handleSignInWithApple
FNF:3
FNH:0
FNDA:0,Login
FNDA:0,handleSignInWithGoggle
FNDA:0,handleSignInWithApple
DA:22,0
DA:23,0
DA:26,0
DA:27,0
DA:28,0
DA:30,0
DA:31,0
DA:32,0
DA:37,0
DA:38,0
DA:39,0
DA:41,0
DA:42,0
DA:46,0
LF:14
LH:0
BRDA:72,0,0,0
BRDA:72,0,1,0
BRDA:82,1,0,0
BRDA:82,1,1,0
BRF:4
BRH:0
end_of_record
TN:
SF:src/screens/Register/index.tsx
FN:34,Register
FN:57,handleToggleSelectedType
FN:61,handleToggleModal
FN:65,(anonymous_3)
FN:107,(anonymous_4)
FN:108,loadData
FN:145,(anonymous_6)
FN:151,(anonymous_7)
FNF:8
FNH:4
FNDA:3,Register
FNDA:0,handleToggleSelectedType
FNDA:1,handleToggleModal
FNDA:0,(anonymous_3)
FNDA:1,(anonymous_4)
FNDA:1,loadData
FNDA:0,(anonymous_6)
FNDA:0,(anonymous_7)
DA:22,1
DA:35,3
DA:36,3
DA:37,3
DA:42,3
DA:49,3
DA:53,3
DA:55,3
DA:58,0
DA:62,1
DA:65,3
DA:66,0
DA:67,0
DA:70,0
DA:71,0
DA:74,0
DA:83,0
DA:84,0
DA:85,0
DA:87,0
DA:89,0
DA:91,0
DA:92,0
DA:93,0
DA:94,0
DA:100,0
DA:102,0
DA:103,0
DA:107,3
DA:109,1
DA:112,1
DA:116,3
DA:145,0
DA:151,0
LF:34
LH:14
BRDA:66,0,0,0
BRDA:66,0,1,0
BRDA:70,1,0,0
BRDA:70,1,1,0
BRDA:85,2,0,0
BRDA:85,2,1,0
BRF:6
BRH:0
end_of_record
